<?xml version="1.0" encoding="UTF-8"?>
<robot generator="Robot 3.0.4 (Python 3.6.5 on win32)" generated="20180624 16:43:41.879">
<suite id="s1" name="RFDataDrivenCSV" source="C:\Users\rdurgam\git\SampleRobotProj\RFDataDrivenCSV">
<suite id="s1-s1" name="Tests" source="C:\Users\rdurgam\git\SampleRobotProj\RFDataDrivenCSV\Tests">
<suite id="s1-s1-s1" name="Cars" source="C:\Users\rdurgam\git\SampleRobotProj\RFDataDrivenCSV\Tests\Cars.robot">
<test id="s1-s1-s1-t1" name="Should see correct error messages with invalid logins">
<kw name="Begin Web Test" library="Common" type="setup">
<kw name="Open Browser" library="SeleniumLibrary">
<doc>Opens a new browser instance to the given ``url``.</doc>
<arguments>
<arg>about:blank</arg>
<arg>${BROWSER}</arg>
</arguments>
<msg timestamp="20180624 16:43:42.181" level="INFO">Opening browser 'chrome' to base url 'about:blank'.</msg>
<msg timestamp="20180624 16:43:45.214" level="DEBUG">POST http://127.0.0.1:18936/session {"capabilities": {"firstMatch": [{}], "alwaysMatch": {"browserName": "chrome", "platformName": "any"}}, "desiredCapabilities": {"browserName": "chrome", "version": "", "platform": "ANY"}}</msg>
<msg timestamp="20180624 16:43:46.927" level="DEBUG">Finished Request</msg>
<msg timestamp="20180624 16:43:46.928" level="DEBUG">POST http://127.0.0.1:18936/session/dad5a0ddf1a5ff427909e739dd55e359/timeouts/async_script {"ms": 5000.0, "sessionId": "dad5a0ddf1a5ff427909e739dd55e359"}</msg>
<msg timestamp="20180624 16:43:46.930" level="DEBUG">Finished Request</msg>
<msg timestamp="20180624 16:43:46.930" level="DEBUG">POST http://127.0.0.1:18936/session/dad5a0ddf1a5ff427909e739dd55e359/timeouts/implicit_wait {"ms": 0.0, "sessionId": "dad5a0ddf1a5ff427909e739dd55e359"}</msg>
<msg timestamp="20180624 16:43:46.931" level="DEBUG">Finished Request</msg>
<msg timestamp="20180624 16:43:46.932" level="DEBUG">POST http://127.0.0.1:18936/session/dad5a0ddf1a5ff427909e739dd55e359/url {"url": "about:blank", "sessionId": "dad5a0ddf1a5ff427909e739dd55e359"}</msg>
<msg timestamp="20180624 16:43:46.993" level="DEBUG">Finished Request</msg>
<msg timestamp="20180624 16:43:46.994" level="DEBUG">Opened browser with session id dad5a0ddf1a5ff427909e739dd55e359.</msg>
<status status="PASS" starttime="20180624 16:43:42.181" endtime="20180624 16:43:46.994"></status>
</kw>
<status status="PASS" starttime="20180624 16:43:42.180" endtime="20180624 16:43:46.995"></status>
</kw>
<kw name="Get CSV Data" library="DataManager">
<arguments>
<arg>${INVALID_CREDENTIALS_PATH_CSV}</arg>
</arguments>
<assign>
<var>${InvalidLoginScenarios}</var>
</assign>
<kw name="Read Csv File" library="Csv">
<arguments>
<arg>${FilePath}</arg>
</arguments>
<assign>
<var>${Data}</var>
</assign>
<msg timestamp="20180624 16:43:47.000" level="FAIL">iterator should return strings, not bytes (did you open the file in text mode?)</msg>
<msg timestamp="20180624 16:43:47.000" level="DEBUG">Traceback (most recent call last):
  File "C:\Users\rdurgam\git\SampleRobotProj\RFDataDrivenCSV\CustomLibs\Csv.py", line 7, in read_csv_file
    for row in reader:</msg>
<status status="FAIL" starttime="20180624 16:43:46.998" endtime="20180624 16:43:47.000"></status>
</kw>
<status status="FAIL" starttime="20180624 16:43:46.996" endtime="20180624 16:43:47.001"></status>
</kw>
<kw name="End Web Test" library="Common" type="teardown">
<kw name="Close All Browsers" library="SeleniumLibrary">
<doc>Closes all open browsers and resets the browser cache.</doc>
<msg timestamp="20180624 16:43:47.003" level="DEBUG">Closing all browsers.</msg>
<msg timestamp="20180624 16:43:47.004" level="DEBUG">DELETE http://127.0.0.1:18936/session/dad5a0ddf1a5ff427909e739dd55e359 {"sessionId": "dad5a0ddf1a5ff427909e739dd55e359"}</msg>
<msg timestamp="20180624 16:43:47.129" level="DEBUG">Finished Request</msg>
<status status="PASS" starttime="20180624 16:43:47.003" endtime="20180624 16:43:50.143"></status>
</kw>
<status status="PASS" starttime="20180624 16:43:47.002" endtime="20180624 16:43:50.145"></status>
</kw>
<status status="FAIL" starttime="20180624 16:43:42.179" endtime="20180624 16:43:50.145" critical="yes">iterator should return strings, not bytes (did you open the file in text mode?)</status>
</test>
<doc>Demonstrate a need for data-driven testing</doc>
<status status="FAIL" starttime="20180624 16:43:41.949" endtime="20180624 16:43:50.148"></status>
</suite>
<status status="FAIL" starttime="20180624 16:43:41.947" endtime="20180624 16:43:50.155"></status>
</suite>
<status status="FAIL" starttime="20180624 16:43:41.917" endtime="20180624 16:43:50.160"></status>
</suite>
<statistics>
<total>
<stat pass="0" fail="1">Critical Tests</stat>
<stat pass="0" fail="1">All Tests</stat>
</total>
<tag>
</tag>
<suite>
<stat pass="0" fail="1" id="s1" name="RFDataDrivenCSV">RFDataDrivenCSV</stat>
<stat pass="0" fail="1" id="s1-s1" name="Tests">RFDataDrivenCSV.Tests</stat>
<stat pass="0" fail="1" id="s1-s1-s1" name="Cars">RFDataDrivenCSV.Tests.Cars</stat>
</suite>
</statistics>
<errors>
</errors>
</robot>
