<?xml version="1.0" encoding="UTF-8"?>
<robot generator="Robot 3.0.4 (Python 3.6.5 on win32)" generated="20180625 13:14:09.889">
<suite id="s1" name="RFDataDrivenProject" source="C:\Users\rdurgam\git\SampleRobotProj\RFDataDrivenProject">
<suite id="s1-s1" name="Tests" source="C:\Users\rdurgam\git\SampleRobotProj\RFDataDrivenProject\Tests">
<suite id="s1-s1-s1" name="MyJsonLibTest" source="C:\Users\rdurgam\git\SampleRobotProj\RFDataDrivenProject\Tests\MyJsonLibTest.robot">
<test id="s1-s1-s1-t1" name="JSON Example2 read a node value from json">
<kw name="Load JSON From File" library="jsonutil">
<doc>Load JSON from file.</doc>
<arguments>
<arg>${JSON_FILE_PATH}</arg>
</arguments>
<assign>
<var>${json_obj}</var>
</assign>
<msg timestamp="20180625 13:14:09.988" level="INFO">${json_obj} = {'firstName': 'Jane', 'lastName': 'Doe', 'hobbies': ['running', 'sky diving', 'singing'], 'age': 35, 'children': [{'firstName': 'Alice', 'age': 6}, {'firstName': 'Bob', 'age': 8}]}</msg>
<status status="PASS" starttime="20180625 13:14:09.987" endtime="20180625 13:14:09.988"></status>
</kw>
<kw name="Evaluate" library="BuiltIn">
<doc>Evaluates the given expression in Python and returns the results.</doc>
<arguments>
<arg>str(type($json_obj))</arg>
</arguments>
<assign>
<var>${datatype}</var>
</assign>
<msg timestamp="20180625 13:14:09.999" level="INFO">${datatype} = &lt;class 'dict'&gt;</msg>
<status status="PASS" starttime="20180625 13:14:09.988" endtime="20180625 13:14:09.999"></status>
</kw>
<kw name="Log To Console" library="BuiltIn">
<doc>Logs the given message to the console.</doc>
<arguments>
<arg>${datatype}</arg>
</arguments>
<status status="PASS" starttime="20180625 13:14:10.000" endtime="20180625 13:14:10.000"></status>
</kw>
<kw name="Log To Console" library="BuiltIn">
<doc>Logs the given message to the console.</doc>
<arguments>
<arg>${json_obj['children'][0]['firstName']}</arg>
</arguments>
<status status="PASS" starttime="20180625 13:14:10.001" endtime="20180625 13:14:10.002"></status>
</kw>
<kw name="Log To Console" library="BuiltIn">
<doc>Logs the given message to the console.</doc>
<arguments>
<arg>${json_obj['hobbies'][1]}</arg>
</arguments>
<status status="PASS" starttime="20180625 13:14:10.002" endtime="20180625 13:14:10.002"></status>
</kw>
<status status="PASS" starttime="20180625 13:14:09.986" endtime="20180625 13:14:10.003" critical="yes"></status>
</test>
<doc>Use this layer to get data from external files</doc>
<status status="PASS" starttime="20180625 13:14:09.975" endtime="20180625 13:14:10.004"></status>
</suite>
<status status="PASS" starttime="20180625 13:14:09.972" endtime="20180625 13:14:10.007"></status>
</suite>
<status status="PASS" starttime="20180625 13:14:09.930" endtime="20180625 13:14:10.009"></status>
</suite>
<statistics>
<total>
<stat pass="1" fail="0">Critical Tests</stat>
<stat pass="1" fail="0">All Tests</stat>
</total>
<tag>
</tag>
<suite>
<stat pass="1" fail="0" id="s1" name="RFDataDrivenProject">RFDataDrivenProject</stat>
<stat pass="1" fail="0" id="s1-s1" name="Tests">RFDataDrivenProject.Tests</stat>
<stat pass="1" fail="0" id="s1-s1-s1" name="MyJsonLibTest">RFDataDrivenProject.Tests.MyJsonLibTest</stat>
</suite>
</statistics>
<errors>
</errors>
</robot>
