<?xml version="1.0" encoding="UTF-8"?>
<robot generator="Robot 3.0.4 (Python 3.6.5 on win32)" generated="20180625 11:00:00.617">
<suite id="s1" name="RFDataDrivenProject" source="C:\Users\rdurgam\git\SampleRobotProj\RFDataDrivenProject">
<suite id="s1-s1" name="CustomLibs" source="C:\Users\rdurgam\git\SampleRobotProj\RFDataDrivenProject\CustomLibs">
<suite id="s1-s1-s1" name="Jsonutil" source="C:\Users\rdurgam\git\SampleRobotProj\RFDataDrivenProject\CustomLibs\jsonutil.robot">
<test id="s1-s1-s1-t1" name="Example of how to load JSON">
<kw name="Get File" library="OperatingSystem">
<doc>Returns the contents of a specified file.</doc>
<arguments>
<arg>${JSON_FILE_PATH}</arg>
</arguments>
<assign>
<var>${json}</var>
</assign>
<msg timestamp="20180625 11:00:00.757" level="INFO" html="yes">Getting file '&lt;a href="file://C:\Users\rdurgam\git\SampleRobotProj\RFDataDrivenProject\data\sample.json"&gt;C:\Users\rdurgam\git\SampleRobotProj\RFDataDrivenProject\data\sample.json&lt;/a&gt;'.</msg>
<msg timestamp="20180625 11:00:00.758" level="INFO">${json} = {
	"firstName": "Jane",
	"lastName": "Doe",
	"hobbies": [
		"running",
		"sky diving",
		"singing"
	],
	"age": 35,
	"children": [
		{
			"firstName": "Alice",
			"age": 6
		},
		{
			"firstName": "Bob...</msg>
<status status="PASS" starttime="20180625 11:00:00.756" endtime="20180625 11:00:00.758"></status>
</kw>
<kw name="Evaluate" library="BuiltIn">
<doc>Evaluates the given expression in Python and returns the results.</doc>
<arguments>
<arg>json.loads('''${json}''') json</arg>
</arguments>
<assign>
<var>${object}</var>
</assign>
<msg timestamp="20180625 11:00:00.760" level="FAIL">Evaluating expression 'json.loads('''{
	"firstName": "Jane",
	"lastName": "Doe",
	"hobbies": [
		"running",
		"sky diving",
		"singing"
	],
	"age": 35,
	"children": [
		{
			"firstName": "Alice",
			"age": 6
		},
		{
			"firstName": "Bob",
			"age": 8
		}
	]
}''') json' failed: SyntaxError: unexpected EOF while parsing (&lt;string&gt;, line 20)</msg>
<msg timestamp="20180625 11:00:00.760" level="DEBUG">Traceback (most recent call last):
  None</msg>
<status status="FAIL" starttime="20180625 11:00:00.759" endtime="20180625 11:00:00.760"></status>
</kw>
<status status="FAIL" starttime="20180625 11:00:00.754" endtime="20180625 11:00:00.761" critical="yes">Evaluating expression 'json.loads('''{
	"firstName": "Jane",
	"lastName": "Doe",
	"hobbies": [
		"running",
		"sky diving",
		"singing"
	],
	"age": 35,
	"children": [
		{
			"firstName": "Alice",
			"age": 6
		},
		{
			"firstName": "Bob",
			"age": 8
		}
	]
}''') json' failed: SyntaxError: unexpected EOF while parsing (&lt;string&gt;, line 20)</status>
</test>
<status status="FAIL" starttime="20180625 11:00:00.717" endtime="20180625 11:00:00.762"></status>
</suite>
<status status="FAIL" starttime="20180625 11:00:00.715" endtime="20180625 11:00:00.764"></status>
</suite>
<status status="FAIL" starttime="20180625 11:00:00.670" endtime="20180625 11:00:00.766"></status>
</suite>
<statistics>
<total>
<stat pass="0" fail="1">Critical Tests</stat>
<stat pass="0" fail="1">All Tests</stat>
</total>
<tag>
</tag>
<suite>
<stat pass="0" fail="1" id="s1" name="RFDataDrivenProject">RFDataDrivenProject</stat>
<stat pass="0" fail="1" id="s1-s1" name="CustomLibs">RFDataDrivenProject.CustomLibs</stat>
<stat pass="0" fail="1" id="s1-s1-s1" name="Jsonutil">RFDataDrivenProject.CustomLibs.Jsonutil</stat>
</suite>
</statistics>
<errors>
</errors>
</robot>
